<?xml version="1.0" encoding="UTF-8"?>
<testsuite name="uk.ac.imperial.matrixmult.MatrixTest" time="0.005" tests="3" errors="0" skipped="0" failures="0">
  <properties>
[...]
</properties>
  <testcase name="rowIndexExceptionChk" classname="uk.ac.imperial.matrixmult.MatrixTest" time="0.003"/>
  <testcase name="basicCheck" classname="uk.ac.imperial.matrixmult.MatrixTest" time="0.002"/>
  <testcase name="columnIndexExceptionChk" classname="uk.ac.imperial.matrixmult.MatrixTest" time="0"/>
</testsuite>